INFO:  latexindent.pl version 3.13.2, 2021-11-15, a script to indent .tex files
       latexindent.pl lives here: C:/Users/david/AppData/Local/Programs/MiKTeX/scripts/latexindent/
       Wed Nov 16 12:35:24 2022
       Filename: c:/Users/david/OneDrive - University of Edinburgh/DMP/Exam Notes/sections/__latexindent_temp.tex
INFO:  Processing switches:
       -y|--yaml: YAML settings specified via command line
       -c|--cruft: cruft directory
INFO:  Directory for backup files and c:/Users/david/OneDrive - University of Edinburgh/DMP/Exam Notes//indent.log: c:/Users/david/OneDrive - University of Edinburgh/DMP/Exam Notes/
INFO:  Perl modules are being loaded from the following directories:
       C:/StrawberryPerl/perl/lib/FindBin.pm
       C:/StrawberryPerl/perl/vendor/lib/YAML/Tiny.pm
       C:/StrawberryPerl/perl/lib/File/Copy.pm
       C:/StrawberryPerl/perl/lib/File/Basename.pm
       C:/StrawberryPerl/perl/lib/Getopt/Long.pm
       C:/StrawberryPerl/perl/vendor/lib/File/HomeDir.pm
       C:/StrawberryPerl/perl/vendor/lib/Unicode/GCString.pm
INFO:  LatexIndent perl modules are being loaded from, for example:
       C:/Users/david/AppData/Local/Programs/MiKTeX/scripts/latexindent/LatexIndent/Document.pm
INFO:  YAML settings read: defaultSettings.yaml
       Reading defaultSettings.yaml from C:/Users/david/AppData/Local/Programs/MiKTeX/scripts/latexindent/defaultSettings.yaml
INFO:  YAML settings read: indentconfig.yaml or .indentconfig.yaml
       Home directory is C:\Users\david (didn't find either indentconfig.yaml or .indentconfig.yaml)
       To specify user settings you would put indentconfig.yaml here: C:\Users\david/indentconfig.yaml
       Alternatively, you can use the hidden file .indentconfig.yaml as: C:\Users\david/.indentconfig.yaml
INFO:  YAML settings read: -y switch
       YAML setting: defaultIndent:'    '
       single-quoted string found in -y switch: '    ', substitute to     
       Updating mainSettings with defaultIndent:     
INFO:  Phase 1: searching for objects
INFO:  Phase 2: finding surrounding indentation
INFO:  Phase 3: indenting objects
INFO:  Phase 4: final indentation check
INFO:  Output routine:
       Not outputting to file; see -w and -o switches for more options.
       --------------
INFO:  Please direct all communication/issues to:
        https://github.com/cmhughes/latexindent.pl
